This file contains any messages produced by compilers while
running configure, to aid debugging if configure makes a mistake.

It was created by configure, which was
generated by GNU Autoconf 2.68.  Invocation command line was

  $ /home/stark/Gamedev/EIM/engine/src/lib/SDL2_image-2.0.0/configure --prefix=/home/stark/Gamedev/EIM/engine/src/lib/SDL2_image-2.0.0 --no-create --no-recursion

## --------- ##
## Platform. ##
## --------- ##

hostname = jarvis-ssd
uname -m = x86_64
uname -r = 3.11.0-18-generic
uname -s = Linux
uname -v = #32~precise1-Ubuntu SMP Thu Feb 20 17:52:10 UTC 2014

/usr/bin/uname -p = unknown
/bin/uname -X     = unknown

/bin/arch              = unknown
/usr/bin/arch -k       = unknown
/usr/convex/getsysinfo = unknown
/usr/bin/hostinfo      = unknown
/bin/machine           = unknown
/usr/bin/oslevel       = unknown
/bin/universe          = unknown

PATH: /usr/lib/lightdm/lightdm
PATH: /usr/local/sbin
PATH: /usr/local/bin
PATH: /usr/sbin
PATH: /usr/bin
PATH: /sbin
PATH: /bin
PATH: /usr/games


## ----------- ##
## Core tests. ##
## ----------- ##

configure:2529: checking build system type
configure:2543: result: x86_64-unknown-linux-gnu
configure:2563: checking host system type
configure:2576: result: x86_64-unknown-linux-gnu
configure:2644: checking for gcc
configure:2660: found /usr/bin/gcc
configure:2671: result: gcc
configure:2900: checking for C compiler version
configure:2909: gcc --version >&5
gcc (Ubuntu/Linaro 4.6.3-1ubuntu5) 4.6.3
Copyright (C) 2011 Free Software Foundation, Inc.
This is free software; see the source for copying conditions.  There is NO
warranty; not even for MERCHANTABILITY or FITNESS FOR A PARTICULAR PURPOSE.

configure:2920: $? = 0
configure:2909: gcc -v >&5
Using built-in specs.
COLLECT_GCC=gcc
COLLECT_LTO_WRAPPER=/usr/lib/gcc/x86_64-linux-gnu/4.6/lto-wrapper
Target: x86_64-linux-gnu
Configured with: ../src/configure -v --with-pkgversion='Ubuntu/Linaro 4.6.3-1ubuntu5' --with-bugurl=file:///usr/share/doc/gcc-4.6/README.Bugs --enable-languages=c,c++,fortran,objc,obj-c++ --prefix=/usr --program-suffix=-4.6 --enable-shared --enable-linker-build-id --with-system-zlib --libexecdir=/usr/lib --without-included-gettext --enable-threads=posix --with-gxx-include-dir=/usr/include/c++/4.6 --libdir=/usr/lib --enable-nls --with-sysroot=/ --enable-clocale=gnu --enable-libstdcxx-debug --enable-libstdcxx-time=yes --enable-gnu-unique-object --enable-plugin --enable-objc-gc --disable-werror --with-arch-32=i686 --with-tune=generic --enable-checking=release --build=x86_64-linux-gnu --host=x86_64-linux-gnu --target=x86_64-linux-gnu
Thread model: posix
gcc version 4.6.3 (Ubuntu/Linaro 4.6.3-1ubuntu5) 
configure:2920: $? = 0
configure:2909: gcc -V >&5
gcc: error: unrecognized option '-V'
gcc: fatal error: no input files
compilation terminated.
configure:2920: $? = 4
configure:2909: gcc -qversion >&5
gcc: error: unrecognized option '-qversion'
gcc: fatal error: no input files
compilation terminated.
configure:2920: $? = 4
configure:2940: checking whether the C compiler works
configure:2962: gcc    conftest.c  >&5
configure:2966: $? = 0
configure:3014: result: yes
configure:3017: checking for C compiler default output file name
configure:3019: result: a.out
configure:3025: checking for suffix of executables
configure:3032: gcc -o conftest    conftest.c  >&5
configure:3036: $? = 0
configure:3058: result: 
configure:3080: checking whether we are cross compiling
configure:3088: gcc -o conftest    conftest.c  >&5
configure:3092: $? = 0
configure:3099: ./conftest
configure:3103: $? = 0
configure:3118: result: no
configure:3123: checking for suffix of object files
configure:3145: gcc -c   conftest.c >&5
configure:3149: $? = 0
configure:3170: result: o
configure:3174: checking whether we are using the GNU C compiler
configure:3193: gcc -c   conftest.c >&5
configure:3193: $? = 0
configure:3202: result: yes
configure:3211: checking whether gcc accepts -g
configure:3231: gcc -c -g  conftest.c >&5
configure:3231: $? = 0
configure:3272: result: yes
configure:3289: checking for gcc option to accept ISO C89
configure:3353: gcc  -c -g -O2  conftest.c >&5
configure:3353: $? = 0
configure:3366: result: none needed
configure:3386: checking for a sed that does not truncate output
configure:3450: result: /bin/sed
configure:3468: checking for grep that handles long lines and -e
configure:3526: result: /bin/grep
configure:3531: checking for egrep
configure:3593: result: /bin/grep -E
configure:3598: checking for fgrep
configure:3660: result: /bin/grep -F
configure:3695: checking for ld used by gcc
configure:3762: result: /usr/bin/ld
configure:3769: checking if the linker (/usr/bin/ld) is GNU ld
configure:3784: result: yes
configure:3796: checking for BSD- or MS-compatible name lister (nm)
configure:3845: result: /usr/bin/nm -B
configure:3963: checking the name lister (/usr/bin/nm -B) interface
configure:3970: gcc -c -g -O2  conftest.c >&5
configure:3973: /usr/bin/nm -B "conftest.o"
configure:3976: output
0000000000000000 B some_variable
configure:3983: result: BSD nm
configure:3986: checking whether ln -s works
configure:3990: result: yes
configure:3998: checking the maximum length of command line arguments
configure:4124: result: 3458764513820540925
configure:4141: checking whether the shell understands some XSI constructs
configure:4151: result: yes
configure:4155: checking whether the shell understands "+="
configure:4161: result: yes
configure:4196: checking for /usr/bin/ld option to reload object files
configure:4203: result: -r
configure:4272: checking for objdump
configure:4288: found /usr/bin/objdump
configure:4299: result: objdump
configure:4328: checking how to recognize dependent libraries
configure:4526: result: pass_all
configure:4586: checking for ar
configure:4602: found /usr/bin/ar
configure:4613: result: ar
configure:4691: checking for strip
configure:4707: found /usr/bin/strip
configure:4718: result: strip
configure:4790: checking for ranlib
configure:4806: found /usr/bin/ranlib
configure:4817: result: ranlib
configure:4907: checking command to parse /usr/bin/nm -B output from gcc object
configure:5025: gcc -c -g -O2  conftest.c >&5
configure:5028: $? = 0
configure:5032: /usr/bin/nm -B conftest.o \| sed -n -e 's/^.*[	 ]\([ABCDGIRSTW][ABCDGIRSTW]*\)[	 ][	 ]*\([_A-Za-z][_A-Za-z0-9]*\)$/\1 \2 \2/p' \> conftest.nm
configure:5035: $? = 0
configure:5089: gcc -o conftest -g -O2   conftest.c conftstm.o >&5
configure:5092: $? = 0
configure:5130: result: ok
configure:5226: gcc -c -g -O2  conftest.c >&5
configure:5229: $? = 0
configure:5939: checking how to run the C preprocessor
configure:5970: gcc -E  conftest.c
configure:5970: $? = 0
configure:5984: gcc -E  conftest.c
conftest.c:9:28: fatal error: ac_nonexistent.h: No such file or directory
compilation terminated.
configure:5984: $? = 1
configure: failed program was:
| /* confdefs.h */
| #define PACKAGE_NAME ""
| #define PACKAGE_TARNAME ""
| #define PACKAGE_VERSION ""
| #define PACKAGE_STRING ""
| #define PACKAGE_BUGREPORT ""
| #define PACKAGE_URL ""
| /* end confdefs.h.  */
| #include <ac_nonexistent.h>
configure:6009: result: gcc -E
configure:6029: gcc -E  conftest.c
configure:6029: $? = 0
configure:6043: gcc -E  conftest.c
conftest.c:9:28: fatal error: ac_nonexistent.h: No such file or directory
compilation terminated.
configure:6043: $? = 1
configure: failed program was:
| /* confdefs.h */
| #define PACKAGE_NAME ""
| #define PACKAGE_TARNAME ""
| #define PACKAGE_VERSION ""
| #define PACKAGE_STRING ""
| #define PACKAGE_BUGREPORT ""
| #define PACKAGE_URL ""
| /* end confdefs.h.  */
| #include <ac_nonexistent.h>
configure:6072: checking for ANSI C header files
configure:6092: gcc -c -g -O2  conftest.c >&5
configure:6092: $? = 0
configure:6165: gcc -o conftest -g -O2   conftest.c  >&5
configure:6165: $? = 0
configure:6165: ./conftest
configure:6165: $? = 0
configure:6176: result: yes
configure:6189: checking for sys/types.h
configure:6189: gcc -c -g -O2  conftest.c >&5
configure:6189: $? = 0
configure:6189: result: yes
configure:6189: checking for sys/stat.h
configure:6189: gcc -c -g -O2  conftest.c >&5
configure:6189: $? = 0
configure:6189: result: yes
configure:6189: checking for stdlib.h
configure:6189: gcc -c -g -O2  conftest.c >&5
configure:6189: $? = 0
configure:6189: result: yes
configure:6189: checking for string.h
configure:6189: gcc -c -g -O2  conftest.c >&5
configure:6189: $? = 0
configure:6189: result: yes
configure:6189: checking for memory.h
configure:6189: gcc -c -g -O2  conftest.c >&5
configure:6189: $? = 0
configure:6189: result: yes
configure:6189: checking for strings.h
configure:6189: gcc -c -g -O2  conftest.c >&5
configure:6189: $? = 0
configure:6189: result: yes
configure:6189: checking for inttypes.h
configure:6189: gcc -c -g -O2  conftest.c >&5
configure:6189: $? = 0
configure:6189: result: yes
configure:6189: checking for stdint.h
configure:6189: gcc -c -g -O2  conftest.c >&5
configure:6189: $? = 0
configure:6189: result: yes
configure:6189: checking for unistd.h
configure:6189: gcc -c -g -O2  conftest.c >&5
configure:6189: $? = 0
configure:6189: result: yes
configure:6203: checking for dlfcn.h
configure:6203: gcc -c -g -O2  conftest.c >&5
configure:6203: $? = 0
configure:6203: result: yes
configure:6685: checking for objdir
configure:6700: result: .libs
configure:6996: checking if gcc supports -fno-rtti -fno-exceptions
configure:7014: gcc -c -g -O2  -fno-rtti -fno-exceptions conftest.c >&5
cc1: warning: command line option '-fno-rtti' is valid for C++/ObjC++ but not for C [enabled by default]
configure:7018: $? = 0
configure:7031: result: no
configure:7051: checking for gcc option to produce PIC
configure:7323: result: -fPIC -DPIC
configure:7335: checking if gcc PIC flag -fPIC -DPIC works
configure:7353: gcc -c -g -O2  -fPIC -DPIC -DPIC conftest.c >&5
configure:7357: $? = 0
configure:7370: result: yes
configure:7394: checking if gcc static flag -static works
configure:7422: result: yes
configure:7437: checking if gcc supports -c -o file.o
configure:7458: gcc -c -g -O2  -o out/conftest2.o conftest.c >&5
configure:7462: $? = 0
configure:7484: result: yes
configure:7492: checking if gcc supports -c -o file.o
configure:7539: result: yes
configure:7572: checking whether the gcc linker (/usr/bin/ld -m elf_x86_64) supports shared libraries
configure:8558: result: yes
configure:8595: checking whether -lc should be explicitly linked in
configure:8600: gcc -c -g -O2  conftest.c >&5
configure:8603: $? = 0
configure:8618: gcc -shared conftest.o  -v -Wl,-soname -Wl,conftest -o conftest 2\>\&1 \| /bin/grep  -lc  \>/dev/null 2\>\&1
configure:8621: $? = 0
configure:8633: result: no
configure:8797: checking dynamic linker characteristics
configure:9232: gcc -o conftest -g -O2   -Wl,-rpath -Wl,/foo conftest.c  >&5
configure:9232: $? = 0
configure:9450: result: GNU/Linux ld.so
configure:9552: checking how to hardcode library paths into programs
configure:9577: result: immediate
configure:10097: checking whether stripping libraries is possible
configure:10102: result: yes
configure:10137: checking if libtool supports shared libraries
configure:10139: result: yes
configure:10142: checking whether to build shared libraries
configure:10163: result: yes
configure:10166: checking whether to build static libraries
configure:10170: result: yes
configure:10234: checking for a BSD-compatible install
configure:10302: result: /usr/bin/install -c
configure:10313: checking whether build environment is sane
configure:10368: result: yes
configure:10519: checking for a thread-safe mkdir -p
configure:10558: result: /bin/mkdir -p
configure:10565: checking for gawk
configure:10595: result: no
configure:10565: checking for mawk
configure:10581: found /usr/bin/mawk
configure:10592: result: mawk
configure:10603: checking whether make sets $(MAKE)
configure:10625: result: yes
configure:10655: checking for style of include used by make
configure:10683: result: GNU
configure:10717: checking whether make supports nested variables
configure:10734: result: yes
configure:10815: checking dependency style of gcc
configure:10926: result: gcc3
configure:10992: checking for gcc
configure:11019: result: gcc
configure:11248: checking for C compiler version
configure:11257: gcc --version >&5
gcc (Ubuntu/Linaro 4.6.3-1ubuntu5) 4.6.3
Copyright (C) 2011 Free Software Foundation, Inc.
This is free software; see the source for copying conditions.  There is NO
warranty; not even for MERCHANTABILITY or FITNESS FOR A PARTICULAR PURPOSE.

configure:11268: $? = 0
configure:11257: gcc -v >&5
Using built-in specs.
COLLECT_GCC=gcc
COLLECT_LTO_WRAPPER=/usr/lib/gcc/x86_64-linux-gnu/4.6/lto-wrapper
Target: x86_64-linux-gnu
Configured with: ../src/configure -v --with-pkgversion='Ubuntu/Linaro 4.6.3-1ubuntu5' --with-bugurl=file:///usr/share/doc/gcc-4.6/README.Bugs --enable-languages=c,c++,fortran,objc,obj-c++ --prefix=/usr --program-suffix=-4.6 --enable-shared --enable-linker-build-id --with-system-zlib --libexecdir=/usr/lib --without-included-gettext --enable-threads=posix --with-gxx-include-dir=/usr/include/c++/4.6 --libdir=/usr/lib --enable-nls --with-sysroot=/ --enable-clocale=gnu --enable-libstdcxx-debug --enable-libstdcxx-time=yes --enable-gnu-unique-object --enable-plugin --enable-objc-gc --disable-werror --with-arch-32=i686 --with-tune=generic --enable-checking=release --build=x86_64-linux-gnu --host=x86_64-linux-gnu --target=x86_64-linux-gnu
Thread model: posix
gcc version 4.6.3 (Ubuntu/Linaro 4.6.3-1ubuntu5) 
configure:11268: $? = 0
configure:11257: gcc -V >&5
gcc: error: unrecognized option '-V'
gcc: fatal error: no input files
compilation terminated.
configure:11268: $? = 4
configure:11257: gcc -qversion >&5
gcc: error: unrecognized option '-qversion'
gcc: fatal error: no input files
compilation terminated.
configure:11268: $? = 4
configure:11272: checking whether we are using the GNU C compiler
configure:11300: result: yes
configure:11309: checking whether gcc accepts -g
configure:11370: result: yes
configure:11387: checking for gcc option to accept ISO C89
configure:11464: result: none needed
configure:11538: checking for gcc
configure:11554: found /usr/bin/gcc
configure:11565: result: gcc
configure:11590: checking for Objective C compiler version
configure:11599: gcc --version >&5
gcc (Ubuntu/Linaro 4.6.3-1ubuntu5) 4.6.3
Copyright (C) 2011 Free Software Foundation, Inc.
This is free software; see the source for copying conditions.  There is NO
warranty; not even for MERCHANTABILITY or FITNESS FOR A PARTICULAR PURPOSE.

configure:11610: $? = 0
configure:11599: gcc -v >&5
Using built-in specs.
COLLECT_GCC=gcc
COLLECT_LTO_WRAPPER=/usr/lib/gcc/x86_64-linux-gnu/4.6/lto-wrapper
Target: x86_64-linux-gnu
Configured with: ../src/configure -v --with-pkgversion='Ubuntu/Linaro 4.6.3-1ubuntu5' --with-bugurl=file:///usr/share/doc/gcc-4.6/README.Bugs --enable-languages=c,c++,fortran,objc,obj-c++ --prefix=/usr --program-suffix=-4.6 --enable-shared --enable-linker-build-id --with-system-zlib --libexecdir=/usr/lib --without-included-gettext --enable-threads=posix --with-gxx-include-dir=/usr/include/c++/4.6 --libdir=/usr/lib --enable-nls --with-sysroot=/ --enable-clocale=gnu --enable-libstdcxx-debug --enable-libstdcxx-time=yes --enable-gnu-unique-object --enable-plugin --enable-objc-gc --disable-werror --with-arch-32=i686 --with-tune=generic --enable-checking=release --build=x86_64-linux-gnu --host=x86_64-linux-gnu --target=x86_64-linux-gnu
Thread model: posix
gcc version 4.6.3 (Ubuntu/Linaro 4.6.3-1ubuntu5) 
configure:11610: $? = 0
configure:11599: gcc -V >&5
gcc: error: unrecognized option '-V'
gcc: fatal error: no input files
compilation terminated.
configure:11610: $? = 4
configure:11599: gcc -qversion >&5
gcc: error: unrecognized option '-qversion'
gcc: fatal error: no input files
compilation terminated.
configure:11610: $? = 4
configure:11614: checking whether we are using the GNU Objective C compiler
configure:11633: gcc -c   conftest.m >&5
gcc: error trying to exec 'cc1obj': execvp: No such file or directory
configure:11633: $? = 1
configure: failed program was:
| /* confdefs.h */
| #define PACKAGE_NAME ""
| #define PACKAGE_TARNAME ""
| #define PACKAGE_VERSION ""
| #define PACKAGE_STRING ""
| #define PACKAGE_BUGREPORT ""
| #define PACKAGE_URL ""
| #define STDC_HEADERS 1
| #define HAVE_SYS_TYPES_H 1
| #define HAVE_SYS_STAT_H 1
| #define HAVE_STDLIB_H 1
| #define HAVE_STRING_H 1
| #define HAVE_MEMORY_H 1
| #define HAVE_STRINGS_H 1
| #define HAVE_INTTYPES_H 1
| #define HAVE_STDINT_H 1
| #define HAVE_UNISTD_H 1
| #define HAVE_DLFCN_H 1
| #define LT_OBJDIR ".libs/"
| #define PACKAGE "SDL2_image"
| #define VERSION "2.0.0"
| /* end confdefs.h.  */
| 
| int
| main ()
| {
| #ifndef __GNUC__
|        choke me
| #endif
| 
|   ;
|   return 0;
| }
configure:11642: result: no
configure:11651: checking whether gcc accepts -g
configure:11671: gcc -c -g  conftest.m >&5
gcc: error trying to exec 'cc1obj': execvp: No such file or directory
configure:11671: $? = 1
configure: failed program was:
| /* confdefs.h */
| #define PACKAGE_NAME ""
| #define PACKAGE_TARNAME ""
| #define PACKAGE_VERSION ""
| #define PACKAGE_STRING ""
| #define PACKAGE_BUGREPORT ""
| #define PACKAGE_URL ""
| #define STDC_HEADERS 1
| #define HAVE_SYS_TYPES_H 1
| #define HAVE_SYS_STAT_H 1
| #define HAVE_STDLIB_H 1
| #define HAVE_STRING_H 1
| #define HAVE_MEMORY_H 1
| #define HAVE_STRINGS_H 1
| #define HAVE_INTTYPES_H 1
| #define HAVE_STDINT_H 1
| #define HAVE_UNISTD_H 1
| #define HAVE_DLFCN_H 1
| #define LT_OBJDIR ".libs/"
| #define PACKAGE "SDL2_image"
| #define VERSION "2.0.0"
| /* end confdefs.h.  */
| 
| int
| main ()
| {
| 
|   ;
|   return 0;
| }
configure:11686: gcc -c   conftest.m >&5
gcc: error trying to exec 'cc1obj': execvp: No such file or directory
configure:11686: $? = 1
configure: failed program was:
| /* confdefs.h */
| #define PACKAGE_NAME ""
| #define PACKAGE_TARNAME ""
| #define PACKAGE_VERSION ""
| #define PACKAGE_STRING ""
| #define PACKAGE_BUGREPORT ""
| #define PACKAGE_URL ""
| #define STDC_HEADERS 1
| #define HAVE_SYS_TYPES_H 1
| #define HAVE_SYS_STAT_H 1
| #define HAVE_STDLIB_H 1
| #define HAVE_STRING_H 1
| #define HAVE_MEMORY_H 1
| #define HAVE_STRINGS_H 1
| #define HAVE_INTTYPES_H 1
| #define HAVE_STDINT_H 1
| #define HAVE_UNISTD_H 1
| #define HAVE_DLFCN_H 1
| #define LT_OBJDIR ".libs/"
| #define PACKAGE "SDL2_image"
| #define VERSION "2.0.0"
| /* end confdefs.h.  */
| 
| int
| main ()
| {
| 
|   ;
|   return 0;
| }
configure:11702: gcc -c -g  conftest.m >&5
gcc: error trying to exec 'cc1obj': execvp: No such file or directory
configure:11702: $? = 1
configure: failed program was:
| /* confdefs.h */
| #define PACKAGE_NAME ""
| #define PACKAGE_TARNAME ""
| #define PACKAGE_VERSION ""
| #define PACKAGE_STRING ""
| #define PACKAGE_BUGREPORT ""
| #define PACKAGE_URL ""
| #define STDC_HEADERS 1
| #define HAVE_SYS_TYPES_H 1
| #define HAVE_SYS_STAT_H 1
| #define HAVE_STDLIB_H 1
| #define HAVE_STRING_H 1
| #define HAVE_MEMORY_H 1
| #define HAVE_STRINGS_H 1
| #define HAVE_INTTYPES_H 1
| #define HAVE_STDINT_H 1
| #define HAVE_UNISTD_H 1
| #define HAVE_DLFCN_H 1
| #define LT_OBJDIR ".libs/"
| #define PACKAGE "SDL2_image"
| #define VERSION "2.0.0"
| /* end confdefs.h.  */
| 
| int
| main ()
| {
| 
|   ;
|   return 0;
| }
configure:11712: result: no
configure:11737: checking dependency style of gcc
configure:11846: result: gcc3
configure:11861: checking for inline
configure:11877: gcc -c -g -O2  conftest.c >&5
configure:11877: $? = 0
configure:11885: result: inline
configure:11904: checking whether make sets $(MAKE)
configure:11926: result: yes
configure:11944: checking for windres
configure:11974: result: no
configure:11944: checking for linux-gnu-windres
configure:11974: result: no
configure:12105: checking for pkg-config
configure:12123: found /usr/bin/pkg-config
configure:12135: result: /usr/bin/pkg-config
configure:12160: checking pkg-config is at least version 0.9.0
configure:12163: result: yes
configure:12201: checking for SDL
configure:12209: $PKG_CONFIG --exists --print-errors "sdl2 >= $min_sdl_version"
configure:12212: $? = 0
configure:12227: $PKG_CONFIG --exists --print-errors "sdl2 >= $min_sdl_version"
configure:12230: $? = 0
configure:12266: result: yes
configure:12637: checking for ImageIO support
configure:12639: result: 
configure:12643: checking jpeglib.h usability
configure:12643: gcc -c -g -O2 -D_REENTRANT -I/usr/local/include/SDL2    conftest.c >&5
configure:12643: $? = 0
configure:12643: result: yes
configure:12643: checking jpeglib.h presence
configure:12643: gcc -E  conftest.c
configure:12643: $? = 0
configure:12643: result: yes
configure:12643: checking for jpeglib.h
configure:12643: result: yes
configure:12649: checking for jpeg_CreateDecompress in -ljpeg
configure:12674: gcc -o conftest -g -O2 -D_REENTRANT -I/usr/local/include/SDL2     conftest.c -ljpeg   -Wl,-rpath,/usr/local/lib -L/usr/local/lib -lSDL2 -lpthread   >&5
configure:12674: $? = 0
configure:12683: result: yes
configure:12721: checking for LIBPNG
configure:12729: $PKG_CONFIG --exists --print-errors "libpng"
configure:12732: $? = 0
configure:12747: $PKG_CONFIG --exists --print-errors "libpng"
configure:12750: $? = 0
configure:12878: result: yes
configure:12912: checking tiffio.h usability
configure:12912: gcc -c -I/usr/include/libpng12   -g -O2 -D_REENTRANT -I/usr/local/include/SDL2    conftest.c >&5
conftest.c:58:20: fatal error: tiffio.h: No such file or directory
compilation terminated.
configure:12912: $? = 1
configure: failed program was:
| /* confdefs.h */
| #define PACKAGE_NAME ""
| #define PACKAGE_TARNAME ""
| #define PACKAGE_VERSION ""
| #define PACKAGE_STRING ""
| #define PACKAGE_BUGREPORT ""
| #define PACKAGE_URL ""
| #define STDC_HEADERS 1
| #define HAVE_SYS_TYPES_H 1
| #define HAVE_SYS_STAT_H 1
| #define HAVE_STDLIB_H 1
| #define HAVE_STRING_H 1
| #define HAVE_MEMORY_H 1
| #define HAVE_STRINGS_H 1
| #define HAVE_INTTYPES_H 1
| #define HAVE_STDINT_H 1
| #define HAVE_UNISTD_H 1
| #define HAVE_DLFCN_H 1
| #define LT_OBJDIR ".libs/"
| #define PACKAGE "SDL2_image"
| #define VERSION "2.0.0"
| #define LOAD_JPG 1
| #define LOAD_PNG 1
| /* end confdefs.h.  */
| #include <stdio.h>
| #ifdef HAVE_SYS_TYPES_H
| # include <sys/types.h>
| #endif
| #ifdef HAVE_SYS_STAT_H
| # include <sys/stat.h>
| #endif
| #ifdef STDC_HEADERS
| # include <stdlib.h>
| # include <stddef.h>
| #else
| # ifdef HAVE_STDLIB_H
| #  include <stdlib.h>
| # endif
| #endif
| #ifdef HAVE_STRING_H
| # if !defined STDC_HEADERS && defined HAVE_MEMORY_H
| #  include <memory.h>
| # endif
| # include <string.h>
| #endif
| #ifdef HAVE_STRINGS_H
| # include <strings.h>
| #endif
| #ifdef HAVE_INTTYPES_H
| # include <inttypes.h>
| #endif
| #ifdef HAVE_STDINT_H
| # include <stdint.h>
| #endif
| #ifdef HAVE_UNISTD_H
| # include <unistd.h>
| #endif
| #include <tiffio.h>
configure:12912: result: no
configure:12912: checking tiffio.h presence
configure:12912: gcc -E  conftest.c
conftest.c:25:20: fatal error: tiffio.h: No such file or directory
compilation terminated.
configure:12912: $? = 1
configure: failed program was:
| /* confdefs.h */
| #define PACKAGE_NAME ""
| #define PACKAGE_TARNAME ""
| #define PACKAGE_VERSION ""
| #define PACKAGE_STRING ""
| #define PACKAGE_BUGREPORT ""
| #define PACKAGE_URL ""
| #define STDC_HEADERS 1
| #define HAVE_SYS_TYPES_H 1
| #define HAVE_SYS_STAT_H 1
| #define HAVE_STDLIB_H 1
| #define HAVE_STRING_H 1
| #define HAVE_MEMORY_H 1
| #define HAVE_STRINGS_H 1
| #define HAVE_INTTYPES_H 1
| #define HAVE_STDINT_H 1
| #define HAVE_UNISTD_H 1
| #define HAVE_DLFCN_H 1
| #define LT_OBJDIR ".libs/"
| #define PACKAGE "SDL2_image"
| #define VERSION "2.0.0"
| #define LOAD_JPG 1
| #define LOAD_PNG 1
| /* end confdefs.h.  */
| #include <tiffio.h>
configure:12912: result: no
configure:12912: checking for tiffio.h
configure:12912: result: no
configure:12918: checking for TIFFClientOpen in -ltiff
configure:12943: gcc -o conftest -I/usr/include/libpng12   -g -O2 -D_REENTRANT -I/usr/local/include/SDL2     conftest.c -ltiff -lz -ljpeg  -Wl,-rpath,/usr/local/lib -L/usr/local/lib -lSDL2 -lpthread   >&5
/usr/bin/ld: cannot find -ltiff
collect2: ld returned 1 exit status
configure:12943: $? = 1
configure: failed program was:
| /* confdefs.h */
| #define PACKAGE_NAME ""
| #define PACKAGE_TARNAME ""
| #define PACKAGE_VERSION ""
| #define PACKAGE_STRING ""
| #define PACKAGE_BUGREPORT ""
| #define PACKAGE_URL ""
| #define STDC_HEADERS 1
| #define HAVE_SYS_TYPES_H 1
| #define HAVE_SYS_STAT_H 1
| #define HAVE_STDLIB_H 1
| #define HAVE_STRING_H 1
| #define HAVE_MEMORY_H 1
| #define HAVE_STRINGS_H 1
| #define HAVE_INTTYPES_H 1
| #define HAVE_STDINT_H 1
| #define HAVE_UNISTD_H 1
| #define HAVE_DLFCN_H 1
| #define LT_OBJDIR ".libs/"
| #define PACKAGE "SDL2_image"
| #define VERSION "2.0.0"
| #define LOAD_JPG 1
| #define LOAD_PNG 1
| /* end confdefs.h.  */
| 
| /* Override any GCC internal prototype to avoid an error.
|    Use char because int might match the return type of a GCC
|    builtin and then its argument prototype would still apply.  */
| #ifdef __cplusplus
| extern "C"
| #endif
| char TIFFClientOpen ();
| int
| main ()
| {
| return TIFFClientOpen ();
|   ;
|   return 0;
| }
configure:12952: result: no
configure:12977: WARNING: *** Unable to find Tiff library (http://www.remotesensing.org/libtiff/)
configure:12979: WARNING: TIF image loading disabled
configure:12987: checking for LIBWEBP
configure:12995: $PKG_CONFIG --exists --print-errors "libwebp"
Package libwebp was not found in the pkg-config search path.
Perhaps you should add the directory containing `libwebp.pc'
to the PKG_CONFIG_PATH environment variable
No package 'libwebp' found
configure:12998: $? = 1
configure:13013: $PKG_CONFIG --exists --print-errors "libwebp"
Package libwebp was not found in the pkg-config search path.
Perhaps you should add the directory containing `libwebp.pc'
to the PKG_CONFIG_PATH environment variable
No package 'libwebp' found
configure:13016: $? = 1
No package 'libwebp' found
configure:13044: result: no
configure:13046: checking webp/decode.h usability
configure:13046: gcc -c -I/usr/include/libpng12   -g -O2 -D_REENTRANT -I/usr/local/include/SDL2    conftest.c >&5
conftest.c:58:25: fatal error: webp/decode.h: No such file or directory
compilation terminated.
configure:13046: $? = 1
configure: failed program was:
| /* confdefs.h */
| #define PACKAGE_NAME ""
| #define PACKAGE_TARNAME ""
| #define PACKAGE_VERSION ""
| #define PACKAGE_STRING ""
| #define PACKAGE_BUGREPORT ""
| #define PACKAGE_URL ""
| #define STDC_HEADERS 1
| #define HAVE_SYS_TYPES_H 1
| #define HAVE_SYS_STAT_H 1
| #define HAVE_STDLIB_H 1
| #define HAVE_STRING_H 1
| #define HAVE_MEMORY_H 1
| #define HAVE_STRINGS_H 1
| #define HAVE_INTTYPES_H 1
| #define HAVE_STDINT_H 1
| #define HAVE_UNISTD_H 1
| #define HAVE_DLFCN_H 1
| #define LT_OBJDIR ".libs/"
| #define PACKAGE "SDL2_image"
| #define VERSION "2.0.0"
| #define LOAD_JPG 1
| #define LOAD_PNG 1
| /* end confdefs.h.  */
| #include <stdio.h>
| #ifdef HAVE_SYS_TYPES_H
| # include <sys/types.h>
| #endif
| #ifdef HAVE_SYS_STAT_H
| # include <sys/stat.h>
| #endif
| #ifdef STDC_HEADERS
| # include <stdlib.h>
| # include <stddef.h>
| #else
| # ifdef HAVE_STDLIB_H
| #  include <stdlib.h>
| # endif
| #endif
| #ifdef HAVE_STRING_H
| # if !defined STDC_HEADERS && defined HAVE_MEMORY_H
| #  include <memory.h>
| # endif
| # include <string.h>
| #endif
| #ifdef HAVE_STRINGS_H
| # include <strings.h>
| #endif
| #ifdef HAVE_INTTYPES_H
| # include <inttypes.h>
| #endif
| #ifdef HAVE_STDINT_H
| # include <stdint.h>
| #endif
| #ifdef HAVE_UNISTD_H
| # include <unistd.h>
| #endif
| #include <webp/decode.h>
configure:13046: result: no
configure:13046: checking webp/decode.h presence
configure:13046: gcc -E  conftest.c
conftest.c:25:25: fatal error: webp/decode.h: No such file or directory
compilation terminated.
configure:13046: $? = 1
configure: failed program was:
| /* confdefs.h */
| #define PACKAGE_NAME ""
| #define PACKAGE_TARNAME ""
| #define PACKAGE_VERSION ""
| #define PACKAGE_STRING ""
| #define PACKAGE_BUGREPORT ""
| #define PACKAGE_URL ""
| #define STDC_HEADERS 1
| #define HAVE_SYS_TYPES_H 1
| #define HAVE_SYS_STAT_H 1
| #define HAVE_STDLIB_H 1
| #define HAVE_STRING_H 1
| #define HAVE_MEMORY_H 1
| #define HAVE_STRINGS_H 1
| #define HAVE_INTTYPES_H 1
| #define HAVE_STDINT_H 1
| #define HAVE_UNISTD_H 1
| #define HAVE_DLFCN_H 1
| #define LT_OBJDIR ".libs/"
| #define PACKAGE "SDL2_image"
| #define VERSION "2.0.0"
| #define LOAD_JPG 1
| #define LOAD_PNG 1
| /* end confdefs.h.  */
| #include <webp/decode.h>
configure:13046: result: no
configure:13046: checking for webp/decode.h
configure:13046: result: no
configure:13052: checking for WebPGetDecoderVersion in -lwebp
configure:13077: gcc -o conftest -I/usr/include/libpng12   -g -O2 -D_REENTRANT -I/usr/local/include/SDL2     conftest.c -lwebp -lm -ljpeg  -Wl,-rpath,/usr/local/lib -L/usr/local/lib -lSDL2 -lpthread   >&5
/usr/bin/ld: cannot find -lwebp
collect2: ld returned 1 exit status
configure:13077: $? = 1
configure: failed program was:
| /* confdefs.h */
| #define PACKAGE_NAME ""
| #define PACKAGE_TARNAME ""
| #define PACKAGE_VERSION ""
| #define PACKAGE_STRING ""
| #define PACKAGE_BUGREPORT ""
| #define PACKAGE_URL ""
| #define STDC_HEADERS 1
| #define HAVE_SYS_TYPES_H 1
| #define HAVE_SYS_STAT_H 1
| #define HAVE_STDLIB_H 1
| #define HAVE_STRING_H 1
| #define HAVE_MEMORY_H 1
| #define HAVE_STRINGS_H 1
| #define HAVE_INTTYPES_H 1
| #define HAVE_STDINT_H 1
| #define HAVE_UNISTD_H 1
| #define HAVE_DLFCN_H 1
| #define LT_OBJDIR ".libs/"
| #define PACKAGE "SDL2_image"
| #define VERSION "2.0.0"
| #define LOAD_JPG 1
| #define LOAD_PNG 1
| /* end confdefs.h.  */
| 
| /* Override any GCC internal prototype to avoid an error.
|    Use char because int might match the return type of a GCC
|    builtin and then its argument prototype would still apply.  */
| #ifdef __cplusplus
| extern "C"
| #endif
| char WebPGetDecoderVersion ();
| int
| main ()
| {
| return WebPGetDecoderVersion ();
|   ;
|   return 0;
| }
configure:13086: result: no
configure:13170: WARNING: *** Unable to find WEBP library (http://code.google.com/intl/en-US/speed/webp/index.html)
configure:13172: WARNING: WEBP Pimage loading disabled
configure:13427: checking that generated files are newer than configure
configure:13433: result: done
configure:13468: creating ./config.status

## ---------------- ##
## Cache variables. ##
## ---------------- ##

ac_cv_build=x86_64-unknown-linux-gnu
ac_cv_c_compiler_gnu=yes
ac_cv_c_inline=inline
ac_cv_env_CC_set=
ac_cv_env_CC_value=
ac_cv_env_CFLAGS_set=
ac_cv_env_CFLAGS_value=
ac_cv_env_CPPFLAGS_set=
ac_cv_env_CPPFLAGS_value=
ac_cv_env_CPP_set=
ac_cv_env_CPP_value=
ac_cv_env_LDFLAGS_set=
ac_cv_env_LDFLAGS_value=
ac_cv_env_LIBPNG_CFLAGS_set=
ac_cv_env_LIBPNG_CFLAGS_value=
ac_cv_env_LIBPNG_LIBS_set=
ac_cv_env_LIBPNG_LIBS_value=
ac_cv_env_LIBS_set=
ac_cv_env_LIBS_value=
ac_cv_env_LIBWEBP_CFLAGS_set=
ac_cv_env_LIBWEBP_CFLAGS_value=
ac_cv_env_LIBWEBP_LIBS_set=
ac_cv_env_LIBWEBP_LIBS_value=
ac_cv_env_OBJCFLAGS_set=
ac_cv_env_OBJCFLAGS_value=
ac_cv_env_OBJC_set=
ac_cv_env_OBJC_value=
ac_cv_env_PKG_CONFIG_set=
ac_cv_env_PKG_CONFIG_value=
ac_cv_env_SDL_CFLAGS_set=
ac_cv_env_SDL_CFLAGS_value=
ac_cv_env_SDL_LIBS_set=
ac_cv_env_SDL_LIBS_value=
ac_cv_env_build_alias_set=
ac_cv_env_build_alias_value=
ac_cv_env_host_alias_set=
ac_cv_env_host_alias_value=
ac_cv_env_target_alias_set=
ac_cv_env_target_alias_value=
ac_cv_header_dlfcn_h=yes
ac_cv_header_inttypes_h=yes
ac_cv_header_jpeglib_h=yes
ac_cv_header_memory_h=yes
ac_cv_header_stdc=yes
ac_cv_header_stdint_h=yes
ac_cv_header_stdlib_h=yes
ac_cv_header_string_h=yes
ac_cv_header_strings_h=yes
ac_cv_header_sys_stat_h=yes
ac_cv_header_sys_types_h=yes
ac_cv_header_tiffio_h=no
ac_cv_header_unistd_h=yes
ac_cv_header_webp_decode_h=no
ac_cv_host=x86_64-unknown-linux-gnu
ac_cv_lib_jpeg_jpeg_CreateDecompress=yes
ac_cv_lib_tiff_TIFFClientOpen=no
ac_cv_lib_webp_WebPGetDecoderVersion=no
ac_cv_objc_compiler_gnu=no
ac_cv_objext=o
ac_cv_path_EGREP='/bin/grep -E'
ac_cv_path_FGREP='/bin/grep -F'
ac_cv_path_GREP=/bin/grep
ac_cv_path_SED=/bin/sed
ac_cv_path_ac_pt_PKG_CONFIG=/usr/bin/pkg-config
ac_cv_path_install='/usr/bin/install -c'
ac_cv_path_mkdir=/bin/mkdir
ac_cv_prog_AWK=mawk
ac_cv_prog_CPP='gcc -E'
ac_cv_prog_ac_ct_AR=ar
ac_cv_prog_ac_ct_CC=gcc
ac_cv_prog_ac_ct_OBJC=gcc
ac_cv_prog_ac_ct_OBJDUMP=objdump
ac_cv_prog_ac_ct_RANLIB=ranlib
ac_cv_prog_ac_ct_STRIP=strip
ac_cv_prog_cc_c89=
ac_cv_prog_cc_g=yes
ac_cv_prog_make_make_set=yes
ac_cv_prog_objc_g=no
am_cv_CC_dependencies_compiler_type=gcc3
am_cv_OBJC_dependencies_compiler_type=gcc3
am_cv_make_support_nested_variables=yes
lt_cv_deplibs_check_method=pass_all
lt_cv_file_magic_cmd='$MAGIC_CMD'
lt_cv_file_magic_test_file=
lt_cv_ld_reload_flag=-r
lt_cv_nm_interface='BSD nm'
lt_cv_objdir=.libs
lt_cv_path_LD=/usr/bin/ld
lt_cv_path_NM='/usr/bin/nm -B'
lt_cv_prog_compiler_c_o=yes
lt_cv_prog_compiler_pic_works=yes
lt_cv_prog_compiler_rtti_exceptions=no
lt_cv_prog_compiler_static_works=yes
lt_cv_prog_gnu_ld=yes
lt_cv_sys_global_symbol_pipe='sed -n -e '\''s/^.*[	 ]\([ABCDGIRSTW][ABCDGIRSTW]*\)[	 ][	 ]*\([_A-Za-z][_A-Za-z0-9]*\)$/\1 \2 \2/p'\'''
lt_cv_sys_global_symbol_to_c_name_address='sed -n -e '\''s/^: \([^ ]*\) $/  {\"\1\", (void *) 0},/p'\'' -e '\''s/^[ABCDGIRSTW]* \([^ ]*\) \([^ ]*\)$/  {"\2", (void *) \&\2},/p'\'''
lt_cv_sys_global_symbol_to_c_name_address_lib_prefix='sed -n -e '\''s/^: \([^ ]*\) $/  {\"\1\", (void *) 0},/p'\'' -e '\''s/^[ABCDGIRSTW]* \([^ ]*\) \(lib[^ ]*\)$/  {"\2", (void *) \&\2},/p'\'' -e '\''s/^[ABCDGIRSTW]* \([^ ]*\) \([^ ]*\)$/  {"lib\2", (void *) \&\2},/p'\'''
lt_cv_sys_global_symbol_to_cdecl='sed -n -e '\''s/^T .* \(.*\)$/extern int \1();/p'\'' -e '\''s/^[ABCDGIRSTW]* .* \(.*\)$/extern char \1;/p'\'''
lt_cv_sys_max_cmd_len=3458764513820540925
pkg_cv_LIBPNG_CFLAGS='-I/usr/include/libpng12  '
pkg_cv_LIBPNG_LIBS='-lpng12  '
pkg_cv_SDL_CFLAGS='-D_REENTRANT -I/usr/local/include/SDL2  '
pkg_cv_SDL_LIBS='-Wl,-rpath,/usr/local/lib -L/usr/local/lib -lSDL2 -lpthread  '

## ----------------- ##
## Output variables. ##
## ----------------- ##

ACLOCAL='${SHELL} /home/stark/Gamedev/EIM/engine/src/lib/SDL2_image-2.0.0/missing aclocal-1.13'
AMDEPBACKSLASH='\'
AMDEP_FALSE='#'
AMDEP_TRUE=''
AMTAR='$${TAR-tar}'
AM_BACKSLASH='\'
AM_DEFAULT_V='$(AM_DEFAULT_VERBOSITY)'
AM_DEFAULT_VERBOSITY='1'
AM_V='$(V)'
AR='ar'
AS='as'
AUTOCONF='${SHELL} /home/stark/Gamedev/EIM/engine/src/lib/SDL2_image-2.0.0/missing autoconf'
AUTOHEADER='${SHELL} /home/stark/Gamedev/EIM/engine/src/lib/SDL2_image-2.0.0/missing autoheader'
AUTOMAKE='${SHELL} /home/stark/Gamedev/EIM/engine/src/lib/SDL2_image-2.0.0/missing automake-1.13'
AWK='mawk'
BINARY_AGE='0'
CC='gcc'
CCDEPMODE='depmode=gcc3'
CFLAGS='-I/usr/include/libpng12   -g -O2 -D_REENTRANT -I/usr/local/include/SDL2  '
CPP='gcc -E'
CPPFLAGS=''
CYGPATH_W='echo'
DEFS='-DPACKAGE_NAME=\"\" -DPACKAGE_TARNAME=\"\" -DPACKAGE_VERSION=\"\" -DPACKAGE_STRING=\"\" -DPACKAGE_BUGREPORT=\"\" -DPACKAGE_URL=\"\" -DSTDC_HEADERS=1 -DHAVE_SYS_TYPES_H=1 -DHAVE_SYS_STAT_H=1 -DHAVE_STDLIB_H=1 -DHAVE_STRING_H=1 -DHAVE_MEMORY_H=1 -DHAVE_STRINGS_H=1 -DHAVE_INTTYPES_H=1 -DHAVE_STDINT_H=1 -DHAVE_UNISTD_H=1 -DHAVE_DLFCN_H=1 -DLT_OBJDIR=\".libs/\" -DPACKAGE=\"SDL2_image\" -DVERSION=\"2.0.0\" -DLOAD_JPG=1 -DLOAD_PNG=1 -DLOAD_BMP=1 -DLOAD_GIF=1 -DLOAD_LBM=1 -DLOAD_PCX=1 -DLOAD_PNM=1 -DLOAD_TGA=1 -DLOAD_XCF=1 -DLOAD_XPM=1 -DLOAD_XV=1 -DLOAD_JPG_DYNAMIC=\"libjpeg.so.8\" -DLOAD_PNG_DYNAMIC=\"libpng12.so.0\"'
DEPDIR='.deps'
DLLTOOL='dlltool'
DSYMUTIL=''
DUMPBIN=''
ECHO_C=''
ECHO_N='-n'
ECHO_T=''
EGREP='/bin/grep -E'
EXEEXT=''
FGREP='/bin/grep -F'
GREP='/bin/grep'
IMG_LIBS=''
INSTALL_DATA='${INSTALL} -m 644'
INSTALL_PROGRAM='${INSTALL}'
INSTALL_SCRIPT='${INSTALL}'
INSTALL_STRIP_PROGRAM='$(install_sh) -c -s'
INTERFACE_AGE='0'
LD='/usr/bin/ld -m elf_x86_64'
LDFLAGS=''
LIBOBJS=''
LIBPNG_CFLAGS='-I/usr/include/libpng12  '
LIBPNG_LIBS='-lpng12  '
LIBS=' -Wl,-rpath,/usr/local/lib -L/usr/local/lib -lSDL2 -lpthread  '
LIBTOOL='$(SHELL) $(top_builddir)/libtool'
LIBWEBP_CFLAGS=''
LIBWEBP_LIBS=''
LIPO=''
LN_S='ln -s'
LTLIBOBJS=''
LT_AGE='0'
LT_CURRENT='0'
LT_RELEASE='2.0'
LT_REVISION='0'
MAJOR_VERSION='2'
MAKEINFO='${SHELL} /home/stark/Gamedev/EIM/engine/src/lib/SDL2_image-2.0.0/missing makeinfo'
MICRO_VERSION='0'
MINOR_VERSION='0'
MKDIR_P='/bin/mkdir -p'
NM='/usr/bin/nm -B'
NMEDIT=''
OBJC='gcc'
OBJCDEPMODE='depmode=gcc3'
OBJCFLAGS='-I/usr/include/libpng12   -g -O2 -D_REENTRANT -I/usr/local/include/SDL2  '
OBJDUMP='objdump'
OBJEXT='o'
OTOOL64=''
OTOOL=''
PACKAGE='SDL2_image'
PACKAGE_BUGREPORT=''
PACKAGE_NAME=''
PACKAGE_STRING=''
PACKAGE_TARNAME=''
PACKAGE_URL=''
PACKAGE_VERSION=''
PATH_SEPARATOR=':'
PKG_CONFIG='/usr/bin/pkg-config'
RANLIB='ranlib'
SDL2_CONFIG='pkg-config sdl2'
SDL_CFLAGS='-D_REENTRANT -I/usr/local/include/SDL2  '
SDL_LIBS='-Wl,-rpath,/usr/local/lib -L/usr/local/lib -lSDL2 -lpthread  '
SDL_VERSION='2.0.0'
SED='/bin/sed'
SET_MAKE=''
SHELL='/bin/bash'
STRIP='strip'
USE_IMAGEIO_FALSE=''
USE_IMAGEIO_TRUE='#'
USE_VERSION_RC_FALSE=''
USE_VERSION_RC_TRUE='#'
VERSION='2.0.0'
WINDRES=''
ac_ct_CC='gcc'
ac_ct_DUMPBIN=''
ac_ct_OBJC='gcc'
am__EXEEXT_FALSE=''
am__EXEEXT_TRUE='#'
am__fastdepCC_FALSE='#'
am__fastdepCC_TRUE=''
am__fastdepOBJC_FALSE='#'
am__fastdepOBJC_TRUE=''
am__include='include'
am__isrc=''
am__leading_dot='.'
am__nodep='_no'
am__quote=''
am__tar='$${TAR-tar} chof - "$$tardir"'
am__untar='$${TAR-tar} xf -'
bindir='${exec_prefix}/bin'
build='x86_64-unknown-linux-gnu'
build_alias=''
build_cpu='x86_64'
build_os='linux-gnu'
build_vendor='unknown'
datadir='${datarootdir}'
datarootdir='${prefix}/share'
docdir='${datarootdir}/doc/${PACKAGE}'
dvidir='${docdir}'
exec_prefix='${prefix}'
host='x86_64-unknown-linux-gnu'
host_alias=''
host_cpu='x86_64'
host_os='linux-gnu'
host_vendor='unknown'
htmldir='${docdir}'
includedir='${prefix}/include'
infodir='${datarootdir}/info'
install_sh='${SHELL} /home/stark/Gamedev/EIM/engine/src/lib/SDL2_image-2.0.0/install-sh'
libdir='${exec_prefix}/lib'
libexecdir='${exec_prefix}/libexec'
localedir='${datarootdir}/locale'
localstatedir='${prefix}/var'
lt_ECHO='echo'
mandir='${datarootdir}/man'
mkdir_p='$(MKDIR_P)'
oldincludedir='/usr/include'
pdfdir='${docdir}'
prefix='/home/stark/Gamedev/EIM/engine/src/lib/SDL2_image-2.0.0'
program_transform_name='s,x,x,'
psdir='${docdir}'
sbindir='${exec_prefix}/sbin'
sharedstatedir='${prefix}/com'
sysconfdir='${prefix}/etc'
target_alias=''

## ----------- ##
## confdefs.h. ##
## ----------- ##

/* confdefs.h */
#define PACKAGE_NAME ""
#define PACKAGE_TARNAME ""
#define PACKAGE_VERSION ""
#define PACKAGE_STRING ""
#define PACKAGE_BUGREPORT ""
#define PACKAGE_URL ""
#define STDC_HEADERS 1
#define HAVE_SYS_TYPES_H 1
#define HAVE_SYS_STAT_H 1
#define HAVE_STDLIB_H 1
#define HAVE_STRING_H 1
#define HAVE_MEMORY_H 1
#define HAVE_STRINGS_H 1
#define HAVE_INTTYPES_H 1
#define HAVE_STDINT_H 1
#define HAVE_UNISTD_H 1
#define HAVE_DLFCN_H 1
#define LT_OBJDIR ".libs/"
#define PACKAGE "SDL2_image"
#define VERSION "2.0.0"
#define LOAD_JPG 1
#define LOAD_PNG 1
#define LOAD_BMP 1
#define LOAD_GIF 1
#define LOAD_LBM 1
#define LOAD_PCX 1
#define LOAD_PNM 1
#define LOAD_TGA 1
#define LOAD_XCF 1
#define LOAD_XPM 1
#define LOAD_XV 1
#define LOAD_JPG_DYNAMIC "libjpeg.so.8"
#define LOAD_PNG_DYNAMIC "libpng12.so.0"

configure: exit 0

## ---------------------- ##
## Running config.status. ##
## ---------------------- ##

This file was extended by config.status, which was
generated by GNU Autoconf 2.68.  Invocation command line was

  CONFIG_FILES    = 
  CONFIG_HEADERS  = 
  CONFIG_LINKS    = 
  CONFIG_COMMANDS = 
  $ ./config.status 

on jarvis-ssd

config.status:1036: creating Makefile
config.status:1036: creating SDL2_image.spec
config.status:1036: creating SDL2_image.pc
config.status:1208: executing libtool commands
config.status:1208: executing depfiles commands
